2017-05-03 12:42:29 - 
2017-05-03 12:42:29 - *********************************
2017-05-03 12:42:29 - *********************************
2017-05-03 12:42:29 - _______NEW_START_OF_SERVER_______
2017-05-03 12:42:29 - Postgresql running!
2017-05-03 12:42:29 - [GIN-debug] [WARNING] Running in "debug" mode. Switch to "release" mode in production.
 - using env:	export GIN_MODE=release
 - using code:	gin.SetMode(gin.ReleaseMode)

2017-05-03 12:42:29 - [GIN-debug] Loaded HTML Templates (4): 
	- cassir.html
	- sushimaker-list.html
	- index.html
	- operator.html

2017-05-03 12:42:29 - [GIN-debug] GET    /ws                       --> project/orders/webserver.RegisterRoutes.func1 (3 handlers)
2017-05-03 12:42:29 - [GIN-debug] GET    /                         --> project/orders/webserver.RegisterRoutes.func2 (3 handlers)
2017-05-03 12:42:29 - [GIN-debug] GET    /cook.sheldon/            --> project/orders/webserver.RegisterRoutes.func3 (3 handlers)
2017-05-03 12:42:29 - [GIN-debug] GET    /cassir/                  --> project/orders/webserver.RegisterRoutes.func4 (3 handlers)
2017-05-03 12:42:29 - [GIN-debug] GET    /operator/                --> project/orders/webserver.RegisterRoutes.func5 (3 handlers)
2017-05-03 12:42:29 - [GIN-debug] GET    /cook/                    --> project/orders/webserver.RegisterRoutes.func6 (3 handlers)
2017-05-03 12:42:29 - [GIN-debug] POST   /poststruct/              --> project/orders/webserver.RegisterRoutes.func7 (3 handlers)
2017-05-03 12:42:29 - [GIN-debug] POST   /                         --> project/orders/webserver.RegisterRoutes.func8 (3 handlers)
2017-05-03 12:42:29 - [GIN-debug] GET    /public/*filepath         --> github.com/gin-gonic/gin.(*RouterGroup).createStaticHandler.func1 (3 handlers)
2017-05-03 12:42:29 - [GIN-debug] HEAD   /public/*filepath         --> github.com/gin-gonic/gin.(*RouterGroup).createStaticHandler.func1 (3 handlers)
2017-05-03 12:42:29 - [GIN-debug] Listening and serving HTTP on :80
2017-05-03 12:48:35 - ERROR get message 192.168.0.132:500 : [48 48 58 67 114 101 97 116 101 32 67 108 105 101 110 116 73 110 102 111 58 112 113 58 32 208 191 208 190 208 178 209 130 208 190 209 128 209 143 209 142 209 137 208 181 208 181 209 129 209 143 32 208 183 208 189 208 176 209 135 208 181 208 189 208 184 208 181 32 208 186 208 187 209 142 209 135 208 176 32 208 189 208 176 209 128 209 131 209 136 208 176 208 181 209 130 32 208 190 208 179 209 128 208 176 208 189 208 184 209 135 208 181 208 189 208 184 208 181 32 209 131 208 189 208 184 208 186 208 176 208 187 209 140 208 189 208 190 209 129 209 130 208 184 32 34 67 108 105 101 110 116 73 110 102 111 95 80 104 111 110 101 95 107 101 121 34]
2017-05-03 12:50:09 - ERROR get message 192.168.0.132:500 : [48 48 58 67 114 101 97 116 101 32 67 108 105 101 110 116 73 110 102 111 58 112 113 58 32 208 191 208 190 208 178 209 130 208 190 209 128 209 143 209 142 209 137 208 181 208 181 209 129 209 143 32 208 183 208 189 208 176 209 135 208 181 208 189 208 184 208 181 32 208 186 208 187 209 142 209 135 208 176 32 208 189 208 176 209 128 209 131 209 136 208 176 208 181 209 130 32 208 190 208 179 209 128 208 176 208 189 208 184 209 135 208 181 208 189 208 184 208 181 32 209 131 208 189 208 184 208 186 208 176 208 187 209 140 208 189 208 190 209 129 209 130 208 184 32 34 67 108 105 101 110 116 73 110 102 111 95 80 104 111 110 101 95 107 101 121 34]
2017-05-03 12:50:39 - ERROR get message 192.168.0.132:500 : [48 48 58 67 114 101 97 116 101 32 67 108 105 101 110 116 73 110 102 111 58 112 113 58 32 208 191 208 190 208 178 209 130 208 190 209 128 209 143 209 142 209 137 208 181 208 181 209 129 209 143 32 208 183 208 189 208 176 209 135 208 181 208 189 208 184 208 181 32 208 186 208 187 209 142 209 135 208 176 32 208 189 208 176 209 128 209 131 209 136 208 176 208 181 209 130 32 208 190 208 179 209 128 208 176 208 189 208 184 209 135 208 181 208 189 208 184 208 181 32 209 131 208 189 208 184 208 186 208 176 208 187 209 140 208 189 208 190 209 129 209 130 208 184 32 34 67 108 105 101 110 116 73 110 102 111 95 80 104 111 110 101 95 107 101 121 34]
2017-05-03 12:53:06 - ERROR get message 192.168.0.132:500 : [48 48 58 67 114 101 97 116 101 32 67 108 105 101 110 116 73 110 102 111 58 112 113 58 32 208 191 208 190 208 178 209 130 208 190 209 128 209 143 209 142 209 137 208 181 208 181 209 129 209 143 32 208 183 208 189 208 176 209 135 208 181 208 189 208 184 208 181 32 208 186 208 187 209 142 209 135 208 176 32 208 189 208 176 209 128 209 131 209 136 208 176 208 181 209 130 32 208 190 208 179 209 128 208 176 208 189 208 184 209 135 208 181 208 189 208 184 208 181 32 209 131 208 189 208 184 208 186 208 176 208 187 209 140 208 189 208 190 209 129 209 130 208 184 32 34 67 108 105 101 110 116 73 110 102 111 95 80 104 111 110 101 95 107 101 121 34]
2017-05-03 12:55:32 - ERROR get message 192.168.0.132:500 : [48 48 58 67 114 101 97 116 101 32 67 108 105 101 110 116 73 110 102 111 58 112 113 58 32 208 191 208 190 208 178 209 130 208 190 209 128 209 143 209 142 209 137 208 181 208 181 209 129 209 143 32 208 183 208 189 208 176 209 135 208 181 208 189 208 184 208 181 32 208 186 208 187 209 142 209 135 208 176 32 208 189 208 176 209 128 209 131 209 136 208 176 208 181 209 130 32 208 190 208 179 209 128 208 176 208 189 208 184 209 135 208 181 208 189 208 184 208 181 32 209 131 208 189 208 184 208 186 208 176 208 187 209 140 208 189 208 190 209 129 209 130 208 184 32 34 67 108 105 101 110 116 73 110 102 111 95 80 104 111 110 101 95 107 101 121 34]
2017-05-03 12:57:18 - ERROR get message 192.168.0.132:500 : [48 48 58 67 114 101 97 116 101 32 67 108 105 101 110 116 73 110 102 111 58 112 113 58 32 208 191 208 190 208 178 209 130 208 190 209 128 209 143 209 142 209 137 208 181 208 181 209 129 209 143 32 208 183 208 189 208 176 209 135 208 181 208 189 208 184 208 181 32 208 186 208 187 209 142 209 135 208 176 32 208 189 208 176 209 128 209 131 209 136 208 176 208 181 209 130 32 208 190 208 179 209 128 208 176 208 189 208 184 209 135 208 181 208 189 208 184 208 181 32 209 131 208 189 208 184 208 186 208 176 208 187 209 140 208 189 208 190 209 129 209 130 208 184 32 34 67 108 105 101 110 116 73 110 102 111 95 80 104 111 110 101 95 107 101 121 34]
2017-05-03 13:10:47 - 
2017-05-03 13:10:47 - *********************************
2017-05-03 13:10:47 - *********************************
2017-05-03 13:10:47 - _______NEW_START_OF_SERVER_______
2017-05-03 13:10:47 - Postgresql running!
2017-05-03 13:10:47 - [GIN-debug] [WARNING] Running in "debug" mode. Switch to "release" mode in production.
 - using env:	export GIN_MODE=release
 - using code:	gin.SetMode(gin.ReleaseMode)

2017-05-03 13:10:47 - [GIN-debug] Loaded HTML Templates (4): 
	- sushimaker-list.html
	- index.html
	- operator.html
	- cassir.html

2017-05-03 13:10:47 - [GIN-debug] GET    /ws                       --> project/orders/webserver.RegisterRoutes.func1 (3 handlers)
2017-05-03 13:10:47 - [GIN-debug] GET    /                         --> project/orders/webserver.RegisterRoutes.func2 (3 handlers)
2017-05-03 13:10:47 - [GIN-debug] GET    /cook.sheldon/            --> project/orders/webserver.RegisterRoutes.func3 (3 handlers)
2017-05-03 13:10:47 - [GIN-debug] GET    /cassir/                  --> project/orders/webserver.RegisterRoutes.func4 (3 handlers)
2017-05-03 13:10:47 - [GIN-debug] GET    /operator/                --> project/orders/webserver.RegisterRoutes.func5 (3 handlers)
2017-05-03 13:10:47 - [GIN-debug] GET    /cook/                    --> project/orders/webserver.RegisterRoutes.func6 (3 handlers)
2017-05-03 13:10:47 - [GIN-debug] POST   /poststruct/              --> project/orders/webserver.RegisterRoutes.func7 (3 handlers)
2017-05-03 13:10:47 - [GIN-debug] POST   /                         --> project/orders/webserver.RegisterRoutes.func8 (3 handlers)
2017-05-03 13:10:47 - [GIN-debug] GET    /public/*filepath         --> github.com/gin-gonic/gin.(*RouterGroup).createStaticHandler.func1 (3 handlers)
2017-05-03 13:10:47 - [GIN-debug] HEAD   /public/*filepath         --> github.com/gin-gonic/gin.(*RouterGroup).createStaticHandler.func1 (3 handlers)
2017-05-03 13:10:47 - [GIN-debug] Listening and serving HTTP on :80
2017-05-03 13:37:32 - 
2017-05-03 13:37:32 - *********************************
2017-05-03 13:37:32 - *********************************
2017-05-03 13:37:32 - _______NEW_START_OF_SERVER_______
2017-05-03 13:37:32 - Postgresql running!
2017-05-03 13:37:32 - [GIN-debug] [WARNING] Running in "debug" mode. Switch to "release" mode in production.
 - using env:	export GIN_MODE=release
 - using code:	gin.SetMode(gin.ReleaseMode)

2017-05-03 13:37:32 - [GIN-debug] Loaded HTML Templates (4): 
	- cassir.html
	- sushimaker-list.html
	- index.html
	- operator.html

2017-05-03 13:37:32 - [GIN-debug] GET    /ws                       --> project/orders/webserver.RegisterRoutes.func1 (3 handlers)
2017-05-03 13:37:32 - [GIN-debug] GET    /                         --> project/orders/webserver.RegisterRoutes.func2 (3 handlers)
2017-05-03 13:37:32 - [GIN-debug] GET    /cook.sheldon/            --> project/orders/webserver.RegisterRoutes.func3 (3 handlers)
2017-05-03 13:37:32 - [GIN-debug] GET    /cassir/                  --> project/orders/webserver.RegisterRoutes.func4 (3 handlers)
2017-05-03 13:37:32 - [GIN-debug] GET    /operator/                --> project/orders/webserver.RegisterRoutes.func5 (3 handlers)
2017-05-03 13:37:32 - [GIN-debug] GET    /cook/                    --> project/orders/webserver.RegisterRoutes.func6 (3 handlers)
2017-05-03 13:37:32 - [GIN-debug] POST   /poststruct/              --> project/orders/webserver.RegisterRoutes.func7 (3 handlers)
2017-05-03 13:37:32 - [GIN-debug] POST   /                         --> project/orders/webserver.RegisterRoutes.func8 (3 handlers)
2017-05-03 13:37:32 - [GIN-debug] GET    /public/*filepath         --> github.com/gin-gonic/gin.(*RouterGroup).createStaticHandler.func1 (3 handlers)
2017-05-03 13:37:32 - [GIN-debug] HEAD   /public/*filepath         --> github.com/gin-gonic/gin.(*RouterGroup).createStaticHandler.func1 (3 handlers)
2017-05-03 13:37:32 - [GIN-debug] Listening and serving HTTP on :80
2017-05-03 13:59:22 - ERROR get message 192.168.0.132:500 : [48 48 58 67 114 101 97 116 101 32 67 108 105 101 110 116 73 110 102 111 58 112 113 58 32 208 191 208 190 208 178 209 130 208 190 209 128 209 143 209 142 209 137 208 181 208 181 209 129 209 143 32 208 183 208 189 208 176 209 135 208 181 208 189 208 184 208 181 32 208 186 208 187 209 142 209 135 208 176 32 208 189 208 176 209 128 209 131 209 136 208 176 208 181 209 130 32 208 190 208 179 209 128 208 176 208 189 208 184 209 135 208 181 208 189 208 184 208 181 32 209 131 208 189 208 184 208 186 208 176 208 187 209 140 208 189 208 190 209 129 209 130 208 184 32 34 67 108 105 101 110 116 73 110 102 111 95 80 104 111 110 101 95 107 101 121 34]
2017-05-03 14:06:32 - ERROR get message 192.168.0.132:500 : [48 48 58 67 114 101 97 116 101 32 67 108 105 101 110 116 73 110 102 111 58 112 113 58 32 208 191 208 190 208 178 209 130 208 190 209 128 209 143 209 142 209 137 208 181 208 181 209 129 209 143 32 208 183 208 189 208 176 209 135 208 181 208 189 208 184 208 181 32 208 186 208 187 209 142 209 135 208 176 32 208 189 208 176 209 128 209 131 209 136 208 176 208 181 209 130 32 208 190 208 179 209 128 208 176 208 189 208 184 209 135 208 181 208 189 208 184 208 181 32 209 131 208 189 208 184 208 186 208 176 208 187 209 140 208 189 208 190 209 129 209 130 208 184 32 34 67 108 105 101 110 116 73 110 102 111 95 80 104 111 110 101 95 107 101 121 34]
2017-05-03 14:06:35 - 00:{ ERROR , TYPE PARAMETERS "" VALUES: []: ERROR MARSHAL_STRUCT_TABLE
2017-05-03 14:06:38 - 00:{ ERROR , TYPE PARAMETERS "" VALUES: []: ERROR MARSHAL_STRUCT_TABLE
2017-05-03 14:06:43 - 00:{ ERROR , TYPE PARAMETERS "" VALUES: []: ERROR MARSHAL_STRUCT_TABLE
2017-05-03 14:08:08 - ERROR get message 192.168.0.132:500 : [48 48 58 67 114 101 97 116 101 32 67 108 105 101 110 116 73 110 102 111 58 112 113 58 32 208 191 208 190 208 178 209 130 208 190 209 128 209 143 209 142 209 137 208 181 208 181 209 129 209 143 32 208 183 208 189 208 176 209 135 208 181 208 189 208 184 208 181 32 208 186 208 187 209 142 209 135 208 176 32 208 189 208 176 209 128 209 131 209 136 208 176 208 181 209 130 32 208 190 208 179 209 128 208 176 208 189 208 184 209 135 208 181 208 189 208 184 208 181 32 209 131 208 189 208 184 208 186 208 176 208 187 209 140 208 189 208 190 209 129 209 130 208 184 32 34 67 108 105 101 110 116 73 110 102 111 95 80 104 111 110 101 95 107 101 121 34]
2017-05-03 14:11:55 - ERROR get message 192.168.0.132:500 : [48 48 58 67 114 101 97 116 101 32 67 108 105 101 110 116 73 110 102 111 58 112 113 58 32 208 191 208 190 208 178 209 130 208 190 209 128 209 143 209 142 209 137 208 181 208 181 209 129 209 143 32 208 183 208 189 208 176 209 135 208 181 208 189 208 184 208 181 32 208 186 208 187 209 142 209 135 208 176 32 208 189 208 176 209 128 209 131 209 136 208 176 208 181 209 130 32 208 190 208 179 209 128 208 176 208 189 208 184 209 135 208 181 208 189 208 184 208 181 32 209 131 208 189 208 184 208 186 208 176 208 187 209 140 208 189 208 190 209 129 209 130 208 184 32 34 67 108 105 101 110 116 73 110 102 111 95 80 104 111 110 101 95 107 101 121 34]
2017-05-03 14:13:33 - ERROR get message 192.168.0.132:500 : [48 48 58 67 114 101 97 116 101 32 67 108 105 101 110 116 73 110 102 111 58 112 113 58 32 208 191 208 190 208 178 209 130 208 190 209 128 209 143 209 142 209 137 208 181 208 181 209 129 209 143 32 208 183 208 189 208 176 209 135 208 181 208 189 208 184 208 181 32 208 186 208 187 209 142 209 135 208 176 32 208 189 208 176 209 128 209 131 209 136 208 176 208 181 209 130 32 208 190 208 179 209 128 208 176 208 189 208 184 209 135 208 181 208 189 208 184 208 181 32 209 131 208 189 208 184 208 186 208 176 208 187 209 140 208 189 208 190 209 129 209 130 208 184 32 34 67 108 105 101 110 116 73 110 102 111 95 80 104 111 110 101 95 107 101 121 34]
2017-05-03 14:13:42 - 00:{ ERROR , TYPE PARAMETERS "" VALUES: []: ERROR MARSHAL_STRUCT_TABLE
2017-05-03 14:18:06 - ERROR get message 192.168.0.132:500 : [48 48 58 67 114 101 97 116 101 32 67 108 105 101 110 116 73 110 102 111 58 112 113 58 32 208 191 208 190 208 178 209 130 208 190 209 128 209 143 209 142 209 137 208 181 208 181 209 129 209 143 32 208 183 208 189 208 176 209 135 208 181 208 189 208 184 208 181 32 208 186 208 187 209 142 209 135 208 176 32 208 189 208 176 209 128 209 131 209 136 208 176 208 181 209 130 32 208 190 208 179 209 128 208 176 208 189 208 184 209 135 208 181 208 189 208 184 208 181 32 209 131 208 189 208 184 208 186 208 176 208 187 209 140 208 189 208 190 209 129 209 130 208 184 32 34 67 108 105 101 110 116 73 110 102 111 95 80 104 111 110 101 95 107 101 121 34]
2017-05-03 14:31:02 - 00:perscr{OrderPersonal ERROR Create, TYPE PARAMETERS "" VALUES: []: pq: duplicate key value violates unique constraint "order_personal_order_id_order_id_item_user_hash_key"
2017-05-03 14:31:02 - 00:sendstat1{OrderStatus ERROR Create, TYPE PARAMETERS "GetError" VALUES: []: This status is already set by the user
2017-05-03 14:35:29 - 00:perscr{OrderPersonal ERROR Create, TYPE PARAMETERS "" VALUES: []: pq: duplicate key value violates unique constraint "order_personal_order_id_order_id_item_user_hash_key"
2017-05-03 14:35:29 - 00:sendstat1{OrderStatus ERROR Create, TYPE PARAMETERS "GetError" VALUES: []: This status is already set by the user
2017-05-03 14:35:34 - 00:perscr{OrderPersonal ERROR Create, TYPE PARAMETERS "" VALUES: []: pq: duplicate key value violates unique constraint "order_personal_order_id_order_id_item_user_hash_key"
2017-05-03 14:35:34 - 00:sendstat1{OrderStatus ERROR Create, TYPE PARAMETERS "GetError" VALUES: []: This status is already set by the user
2017-05-03 14:35:46 - 00:perscr{OrderPersonal ERROR Create, TYPE PARAMETERS "" VALUES: []: pq: duplicate key value violates unique constraint "order_personal_order_id_order_id_item_user_hash_key"
2017-05-03 14:35:46 - 00:sendstat1{OrderStatus ERROR Create, TYPE PARAMETERS "GetError" VALUES: []: This status is already set by the user
2017-05-03 14:43:51 - 00:perscr{OrderPersonal ERROR Create, TYPE PARAMETERS "" VALUES: []: pq: duplicate key value violates unique constraint "order_personal_order_id_order_id_item_user_hash_key"
2017-05-03 14:43:51 - 00:sendstat1{OrderStatus ERROR Create, TYPE PARAMETERS "GetError" VALUES: []: This status is already set by the user
2017-05-03 14:44:05 - 00:perscr{OrderPersonal ERROR Create, TYPE PARAMETERS "" VALUES: []: pq: duplicate key value violates unique constraint "order_personal_order_id_order_id_item_user_hash_key"
2017-05-03 14:44:05 - 00:sendstat1{OrderStatus ERROR Create, TYPE PARAMETERS "GetError" VALUES: []: This status is already set by the user
2017-05-03 14:45:44 - 00:perscr{OrderPersonal ERROR Create, TYPE PARAMETERS "" VALUES: []: pq: duplicate key value violates unique constraint "order_personal_order_id_order_id_item_user_hash_key"
2017-05-03 14:45:44 - 00:sendstat1{OrderStatus ERROR Create, TYPE PARAMETERS "GetError" VALUES: []: This status is already set by the user
2017-05-03 14:45:57 - 00:perscr{OrderPersonal ERROR Create, TYPE PARAMETERS "" VALUES: []: pq: duplicate key value violates unique constraint "order_personal_order_id_order_id_item_user_hash_key"
2017-05-03 14:45:57 - 00:sendstat1{OrderStatus ERROR Create, TYPE PARAMETERS "GetError" VALUES: []: This status is already set by the user
2017-05-03 14:46:09 - 00:perscr{OrderPersonal ERROR Create, TYPE PARAMETERS "" VALUES: []: pq: duplicate key value violates unique constraint "order_personal_order_id_order_id_item_user_hash_key"
2017-05-03 14:46:09 - 00:sendstat1{OrderStatus ERROR Create, TYPE PARAMETERS "GetError" VALUES: []: This status is already set by the user
2017-05-03 14:46:18 - 00:perscr{OrderPersonal ERROR Create, TYPE PARAMETERS "" VALUES: []: pq: duplicate key value violates unique constraint "order_personal_order_id_order_id_item_user_hash_key"
2017-05-03 14:46:18 - 00:sendstat1{OrderStatus ERROR Create, TYPE PARAMETERS "GetError" VALUES: []: This status is already set by the user
2017-05-03 14:47:17 - 00:perscr{OrderPersonal ERROR Create, TYPE PARAMETERS "" VALUES: []: pq: duplicate key value violates unique constraint "order_personal_order_id_order_id_item_user_hash_key"
2017-05-03 14:47:17 - 00:sendstat1{OrderStatus ERROR Create, TYPE PARAMETERS "GetError" VALUES: []: This status is already set by the user
2017-05-03 14:47:49 - 00:perscr{OrderPersonal ERROR Create, TYPE PARAMETERS "" VALUES: []: pq: duplicate key value violates unique constraint "order_personal_order_id_order_id_item_user_hash_key"
2017-05-03 14:47:49 - 00:sendstat1{OrderStatus ERROR Create, TYPE PARAMETERS "GetError" VALUES: []: This status is already set by the user
2017-05-03 14:49:46 - 00:perscr{OrderPersonal ERROR Create, TYPE PARAMETERS "" VALUES: []: pq: duplicate key value violates unique constraint "order_personal_order_id_order_id_item_user_hash_key"
2017-05-03 14:49:46 - 00:sendstat1{OrderStatus ERROR Create, TYPE PARAMETERS "GetError" VALUES: []: This status is already set by the user
2017-05-03 15:09:55 - 00:perscr{OrderPersonal ERROR Create, TYPE PARAMETERS "" VALUES: []: pq: duplicate key value violates unique constraint "order_personal_order_id_order_id_item_user_hash_key"
2017-05-03 15:09:55 - 00:sendstat1{OrderStatus ERROR Create, TYPE PARAMETERS "GetError" VALUES: []: This status is already set by the user
2017-05-03 15:12:14 - 00:perscr{OrderPersonal ERROR Create, TYPE PARAMETERS "" VALUES: []: pq: duplicate key value violates unique constraint "order_personal_order_id_order_id_item_user_hash_key"
2017-05-03 15:12:14 - 00:sendstat1{OrderStatus ERROR Create, TYPE PARAMETERS "GetError" VALUES: []: This status is already set by the user
2017-05-03 15:13:12 - 00:perscr{OrderPersonal ERROR Create, TYPE PARAMETERS "" VALUES: []: pq: duplicate key value violates unique constraint "order_personal_order_id_order_id_item_user_hash_key"
2017-05-03 15:13:12 - 00:sendstat1{OrderStatus ERROR Create, TYPE PARAMETERS "GetError" VALUES: []: This status is already set by the user
2017-05-03 15:18:42 - 00:perscr{OrderPersonal ERROR Create, TYPE PARAMETERS "" VALUES: []: pq: duplicate key value violates unique constraint "order_personal_order_id_order_id_item_user_hash_key"
2017-05-03 15:18:42 - 00:sendstat1{OrderStatus ERROR Create, TYPE PARAMETERS "GetError" VALUES: []: This status is already set by the user
2017-05-03 15:21:01 - 00:perscr{OrderPersonal ERROR Create, TYPE PARAMETERS "" VALUES: []: pq: duplicate key value violates unique constraint "order_personal_order_id_order_id_item_user_hash_key"
2017-05-03 15:21:01 - 00:sendstat1{OrderStatus ERROR Create, TYPE PARAMETERS "GetError" VALUES: []: This status is already set by the user
2017-05-03 15:23:30 - 00:perscr{OrderPersonal ERROR Create, TYPE PARAMETERS "" VALUES: []: pq: duplicate key value violates unique constraint "order_personal_order_id_order_id_item_user_hash_key"
2017-05-03 15:23:30 - 00:sendstat1{OrderStatus ERROR Create, TYPE PARAMETERS "GetError" VALUES: []: This status is already set by the user
2017-05-03 15:24:40 - 00:perscr{OrderPersonal ERROR Create, TYPE PARAMETERS "" VALUES: []: pq: duplicate key value violates unique constraint "order_personal_order_id_order_id_item_user_hash_key"
2017-05-03 15:24:40 - 00:sendstat1{OrderStatus ERROR Create, TYPE PARAMETERS "GetError" VALUES: []: This status is already set by the user
2017-05-03 15:25:06 - 00:perscr{OrderPersonal ERROR Create, TYPE PARAMETERS "" VALUES: []: pq: duplicate key value violates unique constraint "order_personal_order_id_order_id_item_user_hash_key"
2017-05-03 15:25:06 - 00:sendstat1{OrderStatus ERROR Create, TYPE PARAMETERS "GetError" VALUES: []: This status is already set by the user
2017-05-03 15:25:35 - 00:perscr{OrderPersonal ERROR Create, TYPE PARAMETERS "" VALUES: []: pq: duplicate key value violates unique constraint "order_personal_order_id_order_id_item_user_hash_key"
2017-05-03 15:25:35 - 00:sendstat1{OrderStatus ERROR Create, TYPE PARAMETERS "GetError" VALUES: []: This status is already set by the user
2017-05-03 15:26:42 - 00:perscr{OrderPersonal ERROR Create, TYPE PARAMETERS "" VALUES: []: pq: duplicate key value violates unique constraint "order_personal_order_id_order_id_item_user_hash_key"
2017-05-03 15:26:42 - 00:sendstat1{OrderStatus ERROR Create, TYPE PARAMETERS "GetError" VALUES: []: This status is already set by the user
2017-05-03 15:30:05 - 00:perscr{OrderPersonal ERROR Create, TYPE PARAMETERS "" VALUES: []: pq: duplicate key value violates unique constraint "order_personal_order_id_order_id_item_user_hash_key"
2017-05-03 15:30:05 - 00:sendstat1{OrderStatus ERROR Create, TYPE PARAMETERS "GetError" VALUES: []: This status is already set by the user
2017-05-03 15:30:27 - client:  dial tcp 192.168.0.132:441: connectex: No connection could be made because the target machine actively refused it.
2017-05-03 15:30:33 - client:  dial tcp 192.168.0.132:441: connectex: No connection could be made because the target machine actively refused it.
2017-05-03 15:30:40 - client:  dial tcp 192.168.0.132:441: connectex: No connection could be made because the target machine actively refused it.
2017-05-03 15:30:46 - client:  dial tcp 192.168.0.132:441: connectex: No connection could be made because the target machine actively refused it.
2017-05-03 15:30:52 - client:  dial tcp 192.168.0.132:441: connectex: No connection could be made because the target machine actively refused it.
2017-05-03 15:30:58 - client:  dial tcp 192.168.0.132:441: connectex: No connection could be made because the target machine actively refused it.
2017-05-03 15:31:04 - client:  dial tcp 192.168.0.132:441: connectex: No connection could be made because the target machine actively refused it.
2017-05-03 15:31:10 - client:  dial tcp 192.168.0.132:441: connectex: No connection could be made because the target machine actively refused it.
2017-05-03 15:31:16 - client:  dial tcp 192.168.0.132:441: connectex: No connection could be made because the target machine actively refused it.
2017-05-03 15:31:22 - client:  dial tcp 192.168.0.132:441: connectex: No connection could be made because the target machine actively refused it.
2017-05-03 15:31:37 - 00:perscr{OrderPersonal ERROR Create, TYPE PARAMETERS "" VALUES: []: pq: duplicate key value violates unique constraint "order_personal_order_id_order_id_item_user_hash_key"
2017-05-03 15:31:37 - 00:sendstat1{OrderStatus ERROR Create, TYPE PARAMETERS "GetError" VALUES: []: This status is already set by the user
2017-05-03 15:31:49 - 00:perscr{OrderPersonal ERROR Create, TYPE PARAMETERS "" VALUES: []: pq: duplicate key value violates unique constraint "order_personal_order_id_order_id_item_user_hash_key"
2017-05-03 15:31:49 - 00:sendstat1{OrderStatus ERROR Create, TYPE PARAMETERS "GetError" VALUES: []: This status is already set by the user
2017-05-03 15:32:12 - 00:perscr{OrderPersonal ERROR Create, TYPE PARAMETERS "" VALUES: []: pq: duplicate key value violates unique constraint "order_personal_order_id_order_id_item_user_hash_key"
2017-05-03 15:32:12 - 00:sendstat1{OrderStatus ERROR Create, TYPE PARAMETERS "GetError" VALUES: []: This status is already set by the user
2017-05-03 15:32:23 - 00:perscr{OrderPersonal ERROR Create, TYPE PARAMETERS "" VALUES: []: pq: duplicate key value violates unique constraint "order_personal_order_id_order_id_item_user_hash_key"
2017-05-03 15:32:23 - 00:sendstat1{OrderStatus ERROR Create, TYPE PARAMETERS "GetError" VALUES: []: This status is already set by the user
2017-05-03 15:32:28 - 00:perscr{OrderPersonal ERROR Create, TYPE PARAMETERS "" VALUES: []: pq: duplicate key value violates unique constraint "order_personal_order_id_order_id_item_user_hash_key"
2017-05-03 15:32:28 - 00:sendstat1{OrderStatus ERROR Create, TYPE PARAMETERS "GetError" VALUES: []: This status is already set by the user
2017-05-03 15:32:40 - 00:perscr{OrderPersonal ERROR Create, TYPE PARAMETERS "" VALUES: []: pq: duplicate key value violates unique constraint "order_personal_order_id_order_id_item_user_hash_key"
2017-05-03 15:32:40 - 00:sendstat1{OrderStatus ERROR Create, TYPE PARAMETERS "GetError" VALUES: []: This status is already set by the user
2017-05-03 15:33:17 - 00:perscr{OrderPersonal ERROR Create, TYPE PARAMETERS "" VALUES: []: pq: duplicate key value violates unique constraint "order_personal_order_id_order_id_item_user_hash_key"
2017-05-03 15:33:17 - 00:sendstat1{OrderStatus ERROR Create, TYPE PARAMETERS "GetError" VALUES: []: This status is already set by the user
2017-05-03 15:33:43 - 00:perscr{OrderPersonal ERROR Create, TYPE PARAMETERS "" VALUES: []: pq: duplicate key value violates unique constraint "order_personal_order_id_order_id_item_user_hash_key"
2017-05-03 15:33:43 - 00:sendstat1{OrderStatus ERROR Create, TYPE PARAMETERS "GetError" VALUES: []: This status is already set by the user
2017-05-03 15:47:55 - client:  dial tcp 0.0.0.0:7730: connectex: No connection could be made because the target machine actively refused it.
2017-05-03 15:48:05 - client:  dial tcp 0.0.0.0:7730: connectex: No connection could be made because the target machine actively refused it.
2017-05-03 15:48:17 - 00:perscr{OrderPersonal ERROR Create, TYPE PARAMETERS "" VALUES: []: pq: duplicate key value violates unique constraint "order_personal_order_id_order_id_item_user_hash_key"
2017-05-03 15:48:17 - 00:sendstat1{OrderStatus ERROR Create, TYPE PARAMETERS "GetError" VALUES: []: This status is already set by the user
2017-05-03 15:52:46 - 00:perscr{OrderPersonal ERROR Create, TYPE PARAMETERS "" VALUES: []: pq: duplicate key value violates unique constraint "order_personal_order_id_order_id_item_user_hash_key"
2017-05-03 15:52:46 - 00:sendstat1{OrderStatus ERROR Create, TYPE PARAMETERS "GetError" VALUES: []: This status is already set by the user
2017-05-03 15:57:41 - 00:perscr{OrderPersonal ERROR Create, TYPE PARAMETERS "" VALUES: []: pq: duplicate key value violates unique constraint "order_personal_order_id_order_id_item_user_hash_key"
2017-05-03 15:57:41 - 00:sendstat1{OrderStatus ERROR Create, TYPE PARAMETERS "GetError" VALUES: []: This status is already set by the user
2017-05-03 16:04:32 - 00:perscr{OrderPersonal ERROR Create, TYPE PARAMETERS "" VALUES: []: pq: duplicate key value violates unique constraint "order_personal_order_id_order_id_item_user_hash_key"
2017-05-03 16:04:32 - 00:sendstat1{OrderStatus ERROR Create, TYPE PARAMETERS "GetError" VALUES: []: This status is already set by the user
2017-05-03 16:09:37 - 00:perscr{OrderPersonal ERROR Create, TYPE PARAMETERS "" VALUES: []: pq: duplicate key value violates unique constraint "order_personal_order_id_order_id_item_user_hash_key"
2017-05-03 16:09:37 - 00:sendstat1{OrderStatus ERROR Create, TYPE PARAMETERS "GetError" VALUES: []: This status is already set by the user
2017-05-03 16:24:35 - 00:perscr{OrderPersonal ERROR Create, TYPE PARAMETERS "" VALUES: []: pq: duplicate key value violates unique constraint "order_personal_order_id_order_id_item_user_hash_key"
2017-05-03 16:24:35 - 00:sendstat1{OrderStatus ERROR Create, TYPE PARAMETERS "GetError" VALUES: []: This status is already set by the user
2017-05-03 16:25:03 - 00:perscr{OrderPersonal ERROR Create, TYPE PARAMETERS "" VALUES: []: pq: duplicate key value violates unique constraint "order_personal_order_id_order_id_item_user_hash_key"
2017-05-03 16:25:03 - 00:sendstat1{OrderStatus ERROR Create, TYPE PARAMETERS "GetError" VALUES: []: This status is already set by the user
2017-05-03 16:25:30 - 00:perscr{OrderPersonal ERROR Create, TYPE PARAMETERS "" VALUES: []: pq: duplicate key value violates unique constraint "order_personal_order_id_order_id_item_user_hash_key"
2017-05-03 16:25:30 - 00:sendstat1{OrderStatus ERROR Create, TYPE PARAMETERS "GetError" VALUES: []: This status is already set by the user
2017-05-03 16:25:34 - 
2017-05-03 16:25:34 - *********************************
2017-05-03 16:25:34 - *********************************
2017-05-03 16:25:34 - _______NEW_START_OF_SERVER_______
2017-05-03 16:25:34 - Postgresql running!
2017-05-03 16:25:34 - [GIN-debug] [WARNING] Running in "debug" mode. Switch to "release" mode in production.
 - using env:	export GIN_MODE=release
 - using code:	gin.SetMode(gin.ReleaseMode)

2017-05-03 16:25:34 - [GIN-debug] Loaded HTML Templates (4): 
	- sushimaker-list.html
	- index.html
	- operator.html
	- cassir.html

2017-05-03 16:25:34 - [GIN-debug] GET    /ws                       --> project/orders/webserver.RegisterRoutes.func1 (3 handlers)
2017-05-03 16:25:34 - [GIN-debug] GET    /                         --> project/orders/webserver.RegisterRoutes.func2 (3 handlers)
2017-05-03 16:25:34 - [GIN-debug] GET    /cook.sheldon/            --> project/orders/webserver.RegisterRoutes.func3 (3 handlers)
2017-05-03 16:25:34 - [GIN-debug] GET    /cassir/                  --> project/orders/webserver.RegisterRoutes.func4 (3 handlers)
2017-05-03 16:25:34 - [GIN-debug] GET    /operator/                --> project/orders/webserver.RegisterRoutes.func5 (3 handlers)
2017-05-03 16:25:34 - [GIN-debug] GET    /cook/                    --> project/orders/webserver.RegisterRoutes.func6 (3 handlers)
2017-05-03 16:25:34 - [GIN-debug] POST   /poststruct/              --> project/orders/webserver.RegisterRoutes.func7 (3 handlers)
2017-05-03 16:25:34 - [GIN-debug] POST   /                         --> project/orders/webserver.RegisterRoutes.func8 (3 handlers)
2017-05-03 16:25:34 - [GIN-debug] GET    /public/*filepath         --> github.com/gin-gonic/gin.(*RouterGroup).createStaticHandler.func1 (3 handlers)
2017-05-03 16:25:34 - [GIN-debug] HEAD   /public/*filepath         --> github.com/gin-gonic/gin.(*RouterGroup).createStaticHandler.func1 (3 handlers)
2017-05-03 16:25:34 - [GIN-debug] Listening and serving HTTP on :80
2017-05-03 16:51:23 - client:  dial tcp 0.0.0.0:7730: connectex: No connection could be made because the target machine actively refused it.
2017-05-03 16:53:22 - 00:perscr{OrderPersonal ERROR Create, TYPE PARAMETERS "" VALUES: []: pq: duplicate key value violates unique constraint "order_personal_order_id_order_id_item_user_hash_key"
2017-05-03 16:53:22 - 00:sendstat1{OrderStatus ERROR Create, TYPE PARAMETERS "GetError" VALUES: []: This status is already set by the user
2017-05-03 16:53:49 - 00:perscr{OrderPersonal ERROR Create, TYPE PARAMETERS "" VALUES: []: pq: duplicate key value violates unique constraint "order_personal_order_id_order_id_item_user_hash_key"
2017-05-03 16:53:49 - 00:sendstat1{OrderStatus ERROR Create, TYPE PARAMETERS "GetError" VALUES: []: This status is already set by the user
2017-05-03 17:08:26 - 00:perscr{OrderPersonal ERROR Create, TYPE PARAMETERS "" VALUES: []: pq: duplicate key value violates unique constraint "order_personal_order_id_order_id_item_user_hash_key"
2017-05-03 17:08:26 - 00:sendstat1{OrderStatus ERROR Create, TYPE PARAMETERS "GetError" VALUES: []: This status is already set by the user
2017-05-03 17:16:22 - 00:perscr{OrderPersonal ERROR Create, TYPE PARAMETERS "" VALUES: []: pq: duplicate key value violates unique constraint "order_personal_order_id_order_id_item_user_hash_key"
2017-05-03 17:16:22 - 00:sendstat1{OrderStatus ERROR Create, TYPE PARAMETERS "GetError" VALUES: []: This status is already set by the user
2017-05-03 17:17:00 - 00:perscr{OrderPersonal ERROR Create, TYPE PARAMETERS "" VALUES: []: pq: duplicate key value violates unique constraint "order_personal_order_id_order_id_item_user_hash_key"
2017-05-03 17:17:00 - 00:sendstat1{OrderStatus ERROR Create, TYPE PARAMETERS "GetError" VALUES: []: This status is already set by the user
2017-05-03 17:17:34 - 00:perscr{OrderPersonal ERROR Create, TYPE PARAMETERS "" VALUES: []: pq: duplicate key value violates unique constraint "order_personal_order_id_order_id_item_user_hash_key"
2017-05-03 17:17:34 - 00:sendstat1{OrderStatus ERROR Create, TYPE PARAMETERS "GetError" VALUES: []: This status is already set by the user
2017-05-03 17:22:12 - 00:perscr{OrderPersonal ERROR Create, TYPE PARAMETERS "" VALUES: []: pq: duplicate key value violates unique constraint "order_personal_order_id_order_id_item_user_hash_key"
2017-05-03 17:22:12 - 00:sendstat1{OrderStatus ERROR Create, TYPE PARAMETERS "GetError" VALUES: []: This status is already set by the user
2017-05-03 17:34:51 - 00:perscr{OrderPersonal ERROR Create, TYPE PARAMETERS "" VALUES: []: pq: duplicate key value violates unique constraint "order_personal_order_id_order_id_item_user_hash_key"
2017-05-03 17:34:51 - 00:sendstat1{OrderStatus ERROR Create, TYPE PARAMETERS "GetError" VALUES: []: This status is already set by the user
2017-05-03 17:38:33 - websocket: close 1001 (going away)
2017-05-03 17:44:41 - 00:perscr{OrderPersonal ERROR Create, TYPE PARAMETERS "" VALUES: []: pq: duplicate key value violates unique constraint "order_personal_order_id_order_id_item_user_hash_key"
2017-05-03 17:44:41 - 00:sendstat1{OrderStatus ERROR Create, TYPE PARAMETERS "GetError" VALUES: []: This status is already set by the user
2017-05-03 17:47:26 - 00:perscr{OrderPersonal ERROR Create, TYPE PARAMETERS "" VALUES: []: pq: duplicate key value violates unique constraint "order_personal_order_id_order_id_item_user_hash_key"
2017-05-03 17:47:27 - 00:sendstat1{OrderStatus ERROR Create, TYPE PARAMETERS "GetError" VALUES: []: This status is already set by the user
2017-05-03 17:59:16 - 00:perscr{OrderPersonal ERROR Create, TYPE PARAMETERS "" VALUES: []: pq: duplicate key value violates unique constraint "order_personal_order_id_order_id_item_user_hash_key"
2017-05-03 17:59:16 - 00:sendstat1{OrderStatus ERROR Create, TYPE PARAMETERS "GetError" VALUES: []: This status is already set by the user
2017-05-04 09:05:04 - 00:perscr{OrderPersonal ERROR Create, TYPE PARAMETERS "" VALUES: []: pq: duplicate key value violates unique constraint "order_personal_order_id_order_id_item_user_hash_key"
2017-05-04 09:05:04 - 00:sendstat1{OrderStatus ERROR Create, TYPE PARAMETERS "GetError" VALUES: []: This status is already set by the user
2017-05-04 09:12:16 - client:  dial tcp 192.168.0.132:449: connectex: No connection could be made because the target machine actively refused it.
2017-05-04 09:23:33 - ERROR get message 192.168.0.132:500 : [48 48 58 67 114 101 97 116 101 32 67 108 105 101 110 116 73 110 102 111 58 115 113 108 58 32 110 111 32 114 111 119 115 32 105 110 32 114 101 115 117 108 116 32 115 101 116]
