2017-05-10 12:00:55 - 
2017-05-10 12:00:55 - *********************************
2017-05-10 12:00:55 - *********************************
2017-05-10 12:00:55 - _______NEW_START_OF_SERVER_______
2017-05-10 12:00:55 - Postgresql running!
2017-05-10 12:00:55 - [GIN-debug] [WARNING] Running in "debug" mode. Switch to "release" mode in production.
 - using env:	export GIN_MODE=release
 - using code:	gin.SetMode(gin.ReleaseMode)

2017-05-10 12:00:55 - [GIN-debug] Loaded HTML Templates (4): 
	- operator.html
	- cassir.html
	- sushimaker-list.html
	- index.html

2017-05-10 12:00:55 - [GIN-debug] GET    /ws                       --> project/orders/webserver.RegisterRoutes.func1 (3 handlers)
2017-05-10 12:00:55 - [GIN-debug] GET    /                         --> project/orders/webserver.RegisterRoutes.func2 (3 handlers)
2017-05-10 12:00:55 - [GIN-debug] GET    /cook.sheldon/            --> project/orders/webserver.RegisterRoutes.func3 (3 handlers)
2017-05-10 12:00:55 - [GIN-debug] GET    /cassir/                  --> project/orders/webserver.RegisterRoutes.func4 (3 handlers)
2017-05-10 12:00:55 - [GIN-debug] GET    /operator/                --> project/orders/webserver.RegisterRoutes.func5 (3 handlers)
2017-05-10 12:00:55 - [GIN-debug] GET    /cook/                    --> project/orders/webserver.RegisterRoutes.func6 (3 handlers)
2017-05-10 12:00:55 - [GIN-debug] POST   /poststruct/              --> project/orders/webserver.RegisterRoutes.func7 (3 handlers)
2017-05-10 12:00:55 - [GIN-debug] POST   /                         --> project/orders/webserver.RegisterRoutes.func8 (3 handlers)
2017-05-10 12:00:55 - [GIN-debug] GET    /public/*filepath         --> github.com/gin-gonic/gin.(*RouterGroup).createStaticHandler.func1 (3 handlers)
2017-05-10 12:00:55 - [GIN-debug] HEAD   /public/*filepath         --> github.com/gin-gonic/gin.(*RouterGroup).createStaticHandler.func1 (3 handlers)
2017-05-10 12:00:55 - [GIN-debug] Listening and serving HTTP on :80
2017-05-10 16:39:07 - 
2017-05-10 16:39:07 - *********************************
2017-05-10 16:39:07 - *********************************
2017-05-10 16:39:07 - _______NEW_START_OF_SERVER_______
2017-05-10 16:39:07 - Postgresql running!
2017-05-10 16:39:07 - [GIN-debug] [WARNING] Running in "debug" mode. Switch to "release" mode in production.
 - using env:	export GIN_MODE=release
 - using code:	gin.SetMode(gin.ReleaseMode)

2017-05-10 16:39:07 - [GIN-debug] Loaded HTML Templates (4): 
	- index.html
	- operator.html
	- cassir.html
	- sushimaker-list.html

2017-05-10 16:39:07 - [GIN-debug] GET    /ws                       --> project/orders/webserver.RegisterRoutes.func1 (3 handlers)
2017-05-10 16:39:07 - [GIN-debug] GET    /                         --> project/orders/webserver.RegisterRoutes.func2 (3 handlers)
2017-05-10 16:39:07 - [GIN-debug] GET    /cook.sheldon/            --> project/orders/webserver.RegisterRoutes.func3 (3 handlers)
2017-05-10 16:39:07 - [GIN-debug] GET    /cassir/                  --> project/orders/webserver.RegisterRoutes.func4 (3 handlers)
2017-05-10 16:39:07 - [GIN-debug] GET    /operator/                --> project/orders/webserver.RegisterRoutes.func5 (3 handlers)
2017-05-10 16:39:07 - [GIN-debug] GET    /cook/                    --> project/orders/webserver.RegisterRoutes.func6 (3 handlers)
2017-05-10 16:39:07 - [GIN-debug] POST   /poststruct/              --> project/orders/webserver.RegisterRoutes.func7 (3 handlers)
2017-05-10 16:39:07 - [GIN-debug] POST   /                         --> project/orders/webserver.RegisterRoutes.func8 (3 handlers)
2017-05-10 16:39:07 - [GIN-debug] GET    /public/*filepath         --> github.com/gin-gonic/gin.(*RouterGroup).createStaticHandler.func1 (3 handlers)
2017-05-10 16:39:07 - [GIN-debug] HEAD   /public/*filepath         --> github.com/gin-gonic/gin.(*RouterGroup).createStaticHandler.func1 (3 handlers)
2017-05-10 16:39:07 - [GIN-debug] Listening and serving HTTP on :80
2017-05-10 17:05:11 - 00:{ ERROR , TYPE PARAMETERS "" VALUES: []: ERROR MARSHAL_STRUCT_TABLE
2017-05-10 17:08:26 - client:  dial tcp 0.0.0.0:7730: connectex: No connection could be made because the target machine actively refused it.
2017-05-10 17:08:43 - client:  dial tcp 0.0.0.0:7730: connectex: No connection could be made because the target machine actively refused it.
2017-05-10 17:09:50 - client:  dial tcp 0.0.0.0:7730: connectex: No connection could be made because the target machine actively refused it.
2017-05-10 17:10:50 - client:  dial tcp 0.0.0.0:7730: connectex: No connection could be made because the target machine actively refused it.
2017-05-10 17:11:06 - client:  dial tcp 0.0.0.0:7730: connectex: No connection could be made because the target machine actively refused it.
2017-05-10 17:26:18 - 
2017-05-10 17:26:18 - *********************************
2017-05-10 17:26:18 - *********************************
2017-05-10 17:26:18 - _______NEW_START_OF_SERVER_______
2017-05-10 17:26:18 - Postgresql running!
2017-05-10 17:26:18 - [GIN-debug] [WARNING] Running in "debug" mode. Switch to "release" mode in production.
 - using env:	export GIN_MODE=release
 - using code:	gin.SetMode(gin.ReleaseMode)

2017-05-10 17:26:18 - [GIN-debug] Loaded HTML Templates (4): 
	- cassir.html
	- sushimaker-list.html
	- index.html
	- operator.html

2017-05-10 17:26:18 - [GIN-debug] GET    /ws                       --> project/orders/webserver.RegisterRoutes.func1 (3 handlers)
2017-05-10 17:26:18 - [GIN-debug] GET    /                         --> project/orders/webserver.RegisterRoutes.func2 (3 handlers)
2017-05-10 17:26:18 - [GIN-debug] GET    /cook.sheldon/            --> project/orders/webserver.RegisterRoutes.func3 (3 handlers)
2017-05-10 17:26:18 - [GIN-debug] GET    /cassir/                  --> project/orders/webserver.RegisterRoutes.func4 (3 handlers)
2017-05-10 17:26:18 - [GIN-debug] GET    /operator/                --> project/orders/webserver.RegisterRoutes.func5 (3 handlers)
2017-05-10 17:26:18 - [GIN-debug] GET    /cook/                    --> project/orders/webserver.RegisterRoutes.func6 (3 handlers)
2017-05-10 17:26:18 - [GIN-debug] POST   /poststruct/              --> project/orders/webserver.RegisterRoutes.func7 (3 handlers)
2017-05-10 17:26:18 - [GIN-debug] POST   /                         --> project/orders/webserver.RegisterRoutes.func8 (3 handlers)
2017-05-10 17:26:18 - [GIN-debug] GET    /public/*filepath         --> github.com/gin-gonic/gin.(*RouterGroup).createStaticHandler.func1 (3 handlers)
2017-05-10 17:26:18 - [GIN-debug] HEAD   /public/*filepath         --> github.com/gin-gonic/gin.(*RouterGroup).createStaticHandler.func1 (3 handlers)
2017-05-10 17:26:18 - [GIN-debug] Listening and serving HTTP on :80
2017-05-10 17:26:32 - websocket: close 1006 (abnormal closure): unexpected EOF
2017-05-10 17:33:47 - 
2017-05-10 17:33:47 - *********************************
2017-05-10 17:33:47 - *********************************
2017-05-10 17:33:47 - _______NEW_START_OF_SERVER_______
2017-05-10 17:33:47 - Postgresql running!
2017-05-10 17:33:47 - [GIN-debug] [WARNING] Running in "debug" mode. Switch to "release" mode in production.
 - using env:	export GIN_MODE=release
 - using code:	gin.SetMode(gin.ReleaseMode)

2017-05-10 17:33:47 - [GIN-debug] Loaded HTML Templates (4): 
	- operator.html
	- cassir.html
	- sushimaker-list.html
	- index.html

2017-05-10 17:33:47 - [GIN-debug] GET    /ws                       --> project/orders/webserver.RegisterRoutes.func1 (3 handlers)
2017-05-10 17:33:47 - [GIN-debug] GET    /                         --> project/orders/webserver.RegisterRoutes.func2 (3 handlers)
2017-05-10 17:33:47 - [GIN-debug] GET    /cook.sheldon/            --> project/orders/webserver.RegisterRoutes.func3 (3 handlers)
2017-05-10 17:33:47 - [GIN-debug] GET    /cassir/                  --> project/orders/webserver.RegisterRoutes.func4 (3 handlers)
2017-05-10 17:33:47 - [GIN-debug] GET    /operator/                --> project/orders/webserver.RegisterRoutes.func5 (3 handlers)
2017-05-10 17:33:47 - [GIN-debug] GET    /cook/                    --> project/orders/webserver.RegisterRoutes.func6 (3 handlers)
2017-05-10 17:33:47 - [GIN-debug] POST   /poststruct/              --> project/orders/webserver.RegisterRoutes.func7 (3 handlers)
2017-05-10 17:33:47 - [GIN-debug] POST   /                         --> project/orders/webserver.RegisterRoutes.func8 (3 handlers)
2017-05-10 17:33:47 - [GIN-debug] GET    /public/*filepath         --> github.com/gin-gonic/gin.(*RouterGroup).createStaticHandler.func1 (3 handlers)
2017-05-10 17:33:47 - [GIN-debug] HEAD   /public/*filepath         --> github.com/gin-gonic/gin.(*RouterGroup).createStaticHandler.func1 (3 handlers)
2017-05-10 17:33:47 - [GIN-debug] Listening and serving HTTP on :80
2017-05-10 17:36:16 - Positive CASHBOX CHECK: sql: statement expects 5 inputs; got 4
2017-05-10 17:36:51 - 00:perscr{OrderPersonal ERROR Create, TYPE PARAMETERS "" VALUES: []: pq: duplicate key value violates unique constraint "order_personal_order_id_order_id_item_user_hash_key"
2017-05-10 17:36:51 - 00:sendstat1{OrderStatus ERROR Create, TYPE PARAMETERS "GetError" VALUES: []: This status is already set by the user
2017-05-10 17:37:14 - 00:perscr{OrderPersonal ERROR Create, TYPE PARAMETERS "" VALUES: []: pq: duplicate key value violates unique constraint "order_personal_order_id_order_id_item_user_hash_key"
2017-05-10 17:37:14 - 00:sendstat1{OrderStatus ERROR Create, TYPE PARAMETERS "GetError" VALUES: []: This status is already set by the user
2017-05-10 17:37:18 - 00:perscr{OrderPersonal ERROR Create, TYPE PARAMETERS "" VALUES: []: pq: duplicate key value violates unique constraint "order_personal_order_id_order_id_item_user_hash_key"
2017-05-10 17:37:18 - 00:sendstat1{OrderStatus ERROR Create, TYPE PARAMETERS "GetError" VALUES: []: This status is already set by the user
2017-05-10 17:37:35 - 00:perscr{OrderPersonal ERROR Create, TYPE PARAMETERS "" VALUES: []: pq: duplicate key value violates unique constraint "order_personal_order_id_order_id_item_user_hash_key"
2017-05-10 17:37:35 - 00:sendstat1{OrderStatus ERROR Create, TYPE PARAMETERS "GetError" VALUES: []: This status is already set by the user
2017-05-10 17:37:37 - Positive CASHBOX CHECK: sql: statement expects 5 inputs; got 4
2017-05-10 17:37:37 - Positive CASHBOX CHECK: sql: statement expects 5 inputs; got 4
2017-05-10 17:37:38 - 00:perscr{OrderPersonal ERROR Create, TYPE PARAMETERS "" VALUES: []: pq: duplicate key value violates unique constraint "order_personal_order_id_order_id_item_user_hash_key"
2017-05-10 17:37:38 - 00:sendstat1{OrderStatus ERROR Create, TYPE PARAMETERS "GetError" VALUES: []: This status is already set by the user
2017-05-10 17:37:55 - Positive CASHBOX CHECK: sql: statement expects 5 inputs; got 4
2017-05-10 17:37:55 - Positive CASHBOX CHECK: sql: statement expects 5 inputs; got 4
2017-05-10 17:38:52 - Positive CASHBOX CHECK: sql: statement expects 5 inputs; got 4
2017-05-10 17:38:52 - Positive CASHBOX CHECK: sql: statement expects 5 inputs; got 4
2017-05-10 17:38:55 - Positive CASHBOX CHECK: sql: statement expects 5 inputs; got 4
2017-05-10 17:38:55 - Positive CASHBOX CHECK: sql: statement expects 5 inputs; got 4
2017-05-10 17:43:41 - 00:x10219{OrderStatus ERROR Create, TYPE PARAMETERS "" VALUES: []: pq: insert or update on table "order_status" violates foreign key constraint "order_status_fk1"
2017-05-10 17:43:48 - 00:x10219{OrderStatus ERROR Create, TYPE PARAMETERS "" VALUES: []: pq: insert or update on table "order_status" violates foreign key constraint "order_status_fk1"
2017-05-10 17:49:27 - Positive CASHBOX CHECK: sql: statement expects 5 inputs; got 4
2017-05-10 17:56:30 - 00:x10050{Cashbox ERROR Create, TYPE PARAMETERS "" VALUES: []: json: cannot unmarshal string into Go struct field Cashbox.Deposit of type float64
2017-05-10 17:56:37 - 00:x10050{Cashbox ERROR Create, TYPE PARAMETERS "" VALUES: []: json: cannot unmarshal string into Go struct field Cashbox.Deposit of type float64
