2017-05-12 09:21:27 - 
2017-05-12 09:21:27 - *********************************
2017-05-12 09:21:27 - *********************************
2017-05-12 09:21:27 - _______NEW_START_OF_SERVER_______
2017-05-12 09:21:27 - Postgresql running!
2017-05-12 09:21:27 - [GIN-debug] [WARNING] Running in "debug" mode. Switch to "release" mode in production.
 - using env:	export GIN_MODE=release
 - using code:	gin.SetMode(gin.ReleaseMode)

2017-05-12 09:21:27 - [GIN-debug] Loaded HTML Templates (4): 
	- cassir.html
	- sushimaker-list.html
	- index.html
	- operator.html

2017-05-12 09:21:27 - [GIN-debug] GET    /ws                       --> project/orders/webserver.RegisterRoutes.func1 (3 handlers)
2017-05-12 09:21:27 - [GIN-debug] GET    /                         --> project/orders/webserver.RegisterRoutes.func2 (3 handlers)
2017-05-12 09:21:27 - [GIN-debug] GET    /cook.sheldon/            --> project/orders/webserver.RegisterRoutes.func3 (3 handlers)
2017-05-12 09:21:27 - [GIN-debug] GET    /cassir/                  --> project/orders/webserver.RegisterRoutes.func4 (3 handlers)
2017-05-12 09:21:27 - [GIN-debug] GET    /operator/                --> project/orders/webserver.RegisterRoutes.func5 (3 handlers)
2017-05-12 09:21:27 - [GIN-debug] GET    /cook/                    --> project/orders/webserver.RegisterRoutes.func6 (3 handlers)
2017-05-12 09:21:27 - [GIN-debug] POST   /poststruct/              --> project/orders/webserver.RegisterRoutes.func7 (3 handlers)
2017-05-12 09:21:27 - [GIN-debug] POST   /                         --> project/orders/webserver.RegisterRoutes.func8 (3 handlers)
2017-05-12 09:21:27 - [GIN-debug] GET    /public/*filepath         --> github.com/gin-gonic/gin.(*RouterGroup).createStaticHandler.func1 (3 handlers)
2017-05-12 09:21:27 - [GIN-debug] HEAD   /public/*filepath         --> github.com/gin-gonic/gin.(*RouterGroup).createStaticHandler.func1 (3 handlers)
2017-05-12 09:21:27 - [GIN-debug] Listening and serving HTTP on :80
2017-05-12 09:26:29 - 00:perscr{OrderPersonal ERROR Create, TYPE PARAMETERS "" VALUES: []: pq: duplicate key value violates unique constraint "order_personal_order_id_order_id_item_user_hash_key"
2017-05-12 09:26:29 - 00:sendstat1{OrderStatus ERROR Create, TYPE PARAMETERS "GetError" VALUES: []: This status is already set by the user
2017-05-12 09:27:09 - ERROR get message 192.168.0.132:483 : [48 48 58 82 101 97 100 32 67 108 105 101 110 116 79 114 100 101 114 115 65 100 100 114 101 115 115 58 115 113 108 58 32 115 116 97 116 101 109 101 110 116 32 101 120 112 101 99 116 115 32 51 32 105 110 112 117 116 115 59 32 103 111 116 32 50]
2017-05-12 12:34:21 - 00:perscr{OrderPersonal ERROR Create, TYPE PARAMETERS "" VALUES: []: pq: duplicate key value violates unique constraint "order_personal_order_id_order_id_item_user_hash_key"
2017-05-12 12:34:21 - 00:sendstat1{OrderStatus ERROR Create, TYPE PARAMETERS "GetError" VALUES: []: This status is already set by the user
2017-05-12 14:55:31 - 
2017-05-12 14:55:31 - *********************************
2017-05-12 14:55:31 - *********************************
2017-05-12 14:55:31 - _______NEW_START_OF_SERVER_______
2017-05-12 14:55:31 - Postgresql running!
2017-05-12 14:55:31 - [GIN-debug] [WARNING] Running in "debug" mode. Switch to "release" mode in production.
 - using env:	export GIN_MODE=release
 - using code:	gin.SetMode(gin.ReleaseMode)

2017-05-12 14:55:31 - [GIN-debug] Loaded HTML Templates (4): 
	- cassir.html
	- sushimaker-list.html
	- index.html
	- operator.html

2017-05-12 14:55:31 - [GIN-debug] GET    /ws                       --> project/orders/webserver.RegisterRoutes.func1 (3 handlers)
2017-05-12 14:55:31 - [GIN-debug] GET    /                         --> project/orders/webserver.RegisterRoutes.func2 (3 handlers)
2017-05-12 14:55:31 - [GIN-debug] GET    /cook.sheldon/            --> project/orders/webserver.RegisterRoutes.func3 (3 handlers)
2017-05-12 14:55:31 - [GIN-debug] GET    /cassir/                  --> project/orders/webserver.RegisterRoutes.func4 (3 handlers)
2017-05-12 14:55:31 - [GIN-debug] GET    /operator/                --> project/orders/webserver.RegisterRoutes.func5 (3 handlers)
2017-05-12 14:55:31 - [GIN-debug] GET    /cook/                    --> project/orders/webserver.RegisterRoutes.func6 (3 handlers)
2017-05-12 14:55:31 - [GIN-debug] POST   /poststruct/              --> project/orders/webserver.RegisterRoutes.func7 (3 handlers)
2017-05-12 14:55:31 - [GIN-debug] POST   /                         --> project/orders/webserver.RegisterRoutes.func8 (3 handlers)
2017-05-12 14:55:31 - [GIN-debug] GET    /public/*filepath         --> github.com/gin-gonic/gin.(*RouterGroup).createStaticHandler.func1 (3 handlers)
2017-05-12 14:55:31 - [GIN-debug] HEAD   /public/*filepath         --> github.com/gin-gonic/gin.(*RouterGroup).createStaticHandler.func1 (3 handlers)
2017-05-12 14:55:31 - [GIN-debug] Listening and serving HTTP on :80
2017-05-12 14:58:12 - 
2017-05-12 14:58:12 - *********************************
2017-05-12 14:58:12 - *********************************
2017-05-12 14:58:12 - _______NEW_START_OF_SERVER_______
2017-05-12 14:58:12 - Postgresql running!
2017-05-12 14:58:12 - [GIN-debug] [WARNING] Running in "debug" mode. Switch to "release" mode in production.
 - using env:	export GIN_MODE=release
 - using code:	gin.SetMode(gin.ReleaseMode)

2017-05-12 14:58:12 - [GIN-debug] Loaded HTML Templates (4): 
	- index.html
	- operator.html
	- cassir.html
	- sushimaker-list.html

2017-05-12 14:58:12 - [GIN-debug] GET    /ws                       --> project/orders/webserver.RegisterRoutes.func1 (3 handlers)
2017-05-12 14:58:12 - [GIN-debug] GET    /                         --> project/orders/webserver.RegisterRoutes.func2 (3 handlers)
2017-05-12 14:58:12 - [GIN-debug] GET    /cook.sheldon/            --> project/orders/webserver.RegisterRoutes.func3 (3 handlers)
2017-05-12 14:58:12 - [GIN-debug] GET    /cassir/                  --> project/orders/webserver.RegisterRoutes.func4 (3 handlers)
2017-05-12 14:58:12 - [GIN-debug] GET    /operator/                --> project/orders/webserver.RegisterRoutes.func5 (3 handlers)
2017-05-12 14:58:12 - [GIN-debug] GET    /cook/                    --> project/orders/webserver.RegisterRoutes.func6 (3 handlers)
2017-05-12 14:58:12 - [GIN-debug] POST   /poststruct/              --> project/orders/webserver.RegisterRoutes.func7 (3 handlers)
2017-05-12 14:58:12 - [GIN-debug] POST   /                         --> project/orders/webserver.RegisterRoutes.func8 (3 handlers)
2017-05-12 14:58:12 - [GIN-debug] GET    /public/*filepath         --> github.com/gin-gonic/gin.(*RouterGroup).createStaticHandler.func1 (3 handlers)
2017-05-12 14:58:12 - [GIN-debug] HEAD   /public/*filepath         --> github.com/gin-gonic/gin.(*RouterGroup).createStaticHandler.func1 (3 handlers)
2017-05-12 14:58:12 - [GIN-debug] Listening and serving HTTP on :80
2017-05-12 15:32:37 - 
2017-05-12 15:32:37 - *********************************
2017-05-12 15:32:37 - *********************************
2017-05-12 15:32:37 - _______NEW_START_OF_SERVER_______
2017-05-12 15:32:37 - Postgresql running!
2017-05-12 15:32:37 - [GIN-debug] [WARNING] Running in "debug" mode. Switch to "release" mode in production.
 - using env:	export GIN_MODE=release
 - using code:	gin.SetMode(gin.ReleaseMode)

2017-05-12 15:32:37 - [GIN-debug] Loaded HTML Templates (4): 
	- cassir.html
	- sushimaker-list.html
	- index.html
	- operator.html

2017-05-12 15:32:37 - [GIN-debug] GET    /ws                       --> project/orders/webserver.RegisterRoutes.func1 (3 handlers)
2017-05-12 15:32:37 - [GIN-debug] GET    /                         --> project/orders/webserver.RegisterRoutes.func2 (3 handlers)
2017-05-12 15:32:37 - [GIN-debug] GET    /cook.sheldon/            --> project/orders/webserver.RegisterRoutes.func3 (3 handlers)
2017-05-12 15:32:37 - [GIN-debug] GET    /cassir/                  --> project/orders/webserver.RegisterRoutes.func4 (3 handlers)
2017-05-12 15:32:37 - [GIN-debug] GET    /operator/                --> project/orders/webserver.RegisterRoutes.func5 (3 handlers)
2017-05-12 15:32:37 - [GIN-debug] GET    /cook/                    --> project/orders/webserver.RegisterRoutes.func6 (3 handlers)
2017-05-12 15:32:37 - [GIN-debug] POST   /poststruct/              --> project/orders/webserver.RegisterRoutes.func7 (3 handlers)
2017-05-12 15:32:37 - [GIN-debug] POST   /                         --> project/orders/webserver.RegisterRoutes.func8 (3 handlers)
2017-05-12 15:32:37 - [GIN-debug] GET    /public/*filepath         --> github.com/gin-gonic/gin.(*RouterGroup).createStaticHandler.func1 (3 handlers)
2017-05-12 15:32:37 - [GIN-debug] HEAD   /public/*filepath         --> github.com/gin-gonic/gin.(*RouterGroup).createStaticHandler.func1 (3 handlers)
2017-05-12 15:32:37 - [GIN-debug] Listening and serving HTTP on :80
2017-05-12 15:40:55 - 
2017-05-12 15:40:55 - *********************************
2017-05-12 15:40:55 - *********************************
2017-05-12 15:40:55 - _______NEW_START_OF_SERVER_______
2017-05-12 15:40:55 - Postgresql running!
2017-05-12 15:40:55 - [GIN-debug] [WARNING] Running in "debug" mode. Switch to "release" mode in production.
 - using env:	export GIN_MODE=release
 - using code:	gin.SetMode(gin.ReleaseMode)

2017-05-12 15:40:55 - [GIN-debug] Loaded HTML Templates (4): 
	- sushimaker-list.html
	- index.html
	- operator.html
	- cassir.html

2017-05-12 15:40:55 - [GIN-debug] GET    /ws                       --> project/orders/webserver.RegisterRoutes.func1 (3 handlers)
2017-05-12 15:40:55 - [GIN-debug] GET    /                         --> project/orders/webserver.RegisterRoutes.func2 (3 handlers)
2017-05-12 15:40:55 - [GIN-debug] GET    /cook.sheldon/            --> project/orders/webserver.RegisterRoutes.func3 (3 handlers)
2017-05-12 15:40:55 - [GIN-debug] GET    /cassir/                  --> project/orders/webserver.RegisterRoutes.func4 (3 handlers)
2017-05-12 15:40:55 - [GIN-debug] GET    /operator/                --> project/orders/webserver.RegisterRoutes.func5 (3 handlers)
2017-05-12 15:40:55 - [GIN-debug] GET    /cook/                    --> project/orders/webserver.RegisterRoutes.func6 (3 handlers)
2017-05-12 15:40:55 - [GIN-debug] POST   /poststruct/              --> project/orders/webserver.RegisterRoutes.func7 (3 handlers)
2017-05-12 15:40:55 - [GIN-debug] POST   /                         --> project/orders/webserver.RegisterRoutes.func8 (3 handlers)
2017-05-12 15:40:55 - [GIN-debug] GET    /public/*filepath         --> github.com/gin-gonic/gin.(*RouterGroup).createStaticHandler.func1 (3 handlers)
2017-05-12 15:40:55 - [GIN-debug] HEAD   /public/*filepath         --> github.com/gin-gonic/gin.(*RouterGroup).createStaticHandler.func1 (3 handlers)
2017-05-12 15:40:55 - [GIN-debug] Listening and serving HTTP on :80
2017-05-12 15:41:13 - 
2017-05-12 15:41:13 - *********************************
2017-05-12 15:41:13 - *********************************
2017-05-12 15:41:13 - _______NEW_START_OF_SERVER_______
2017-05-12 15:41:13 - Postgresql running!
2017-05-12 15:41:13 - [GIN-debug] [WARNING] Running in "debug" mode. Switch to "release" mode in production.
 - using env:	export GIN_MODE=release
 - using code:	gin.SetMode(gin.ReleaseMode)

2017-05-12 15:41:13 - [GIN-debug] Loaded HTML Templates (4): 
	- sushimaker-list.html
	- index.html
	- operator.html
	- cassir.html

2017-05-12 15:41:13 - [GIN-debug] GET    /ws                       --> project/orders/webserver.RegisterRoutes.func1 (3 handlers)
2017-05-12 15:41:13 - [GIN-debug] GET    /                         --> project/orders/webserver.RegisterRoutes.func2 (3 handlers)
2017-05-12 15:41:13 - [GIN-debug] GET    /cook.sheldon/            --> project/orders/webserver.RegisterRoutes.func3 (3 handlers)
2017-05-12 15:41:13 - [GIN-debug] GET    /cassir/                  --> project/orders/webserver.RegisterRoutes.func4 (3 handlers)
2017-05-12 15:41:13 - [GIN-debug] GET    /operator/                --> project/orders/webserver.RegisterRoutes.func5 (3 handlers)
2017-05-12 15:41:13 - [GIN-debug] GET    /cook/                    --> project/orders/webserver.RegisterRoutes.func6 (3 handlers)
2017-05-12 15:41:13 - [GIN-debug] POST   /poststruct/              --> project/orders/webserver.RegisterRoutes.func7 (3 handlers)
2017-05-12 15:41:13 - [GIN-debug] POST   /                         --> project/orders/webserver.RegisterRoutes.func8 (3 handlers)
2017-05-12 15:41:13 - [GIN-debug] GET    /public/*filepath         --> github.com/gin-gonic/gin.(*RouterGroup).createStaticHandler.func1 (3 handlers)
2017-05-12 15:41:13 - [GIN-debug] HEAD   /public/*filepath         --> github.com/gin-gonic/gin.(*RouterGroup).createStaticHandler.func1 (3 handlers)
2017-05-12 15:41:13 - [GIN-debug] Listening and serving HTTP on :80
2017-05-12 15:51:54 - 
2017-05-12 15:51:54 - *********************************
2017-05-12 15:51:54 - *********************************
2017-05-12 15:51:54 - _______NEW_START_OF_SERVER_______
2017-05-12 15:51:54 - Postgresql running!
2017-05-12 15:51:54 - [GIN-debug] [WARNING] Running in "debug" mode. Switch to "release" mode in production.
 - using env:	export GIN_MODE=release
 - using code:	gin.SetMode(gin.ReleaseMode)

2017-05-12 15:51:54 - [GIN-debug] Loaded HTML Templates (4): 
	- operator.html
	- cassir.html
	- sushimaker-list.html
	- index.html

2017-05-12 15:51:54 - [GIN-debug] GET    /ws                       --> project/orders/webserver.RegisterRoutes.func1 (3 handlers)
2017-05-12 15:51:54 - [GIN-debug] GET    /                         --> project/orders/webserver.RegisterRoutes.func2 (3 handlers)
2017-05-12 15:51:54 - [GIN-debug] GET    /cook.sheldon/            --> project/orders/webserver.RegisterRoutes.func3 (3 handlers)
2017-05-12 15:51:54 - [GIN-debug] GET    /cassir/                  --> project/orders/webserver.RegisterRoutes.func4 (3 handlers)
2017-05-12 15:51:54 - [GIN-debug] GET    /operator/                --> project/orders/webserver.RegisterRoutes.func5 (3 handlers)
2017-05-12 15:51:54 - [GIN-debug] GET    /cook/                    --> project/orders/webserver.RegisterRoutes.func6 (3 handlers)
2017-05-12 15:51:54 - [GIN-debug] POST   /poststruct/              --> project/orders/webserver.RegisterRoutes.func7 (3 handlers)
2017-05-12 15:51:54 - [GIN-debug] POST   /                         --> project/orders/webserver.RegisterRoutes.func8 (3 handlers)
2017-05-12 15:51:54 - [GIN-debug] GET    /public/*filepath         --> github.com/gin-gonic/gin.(*RouterGroup).createStaticHandler.func1 (3 handlers)
2017-05-12 15:51:54 - [GIN-debug] HEAD   /public/*filepath         --> github.com/gin-gonic/gin.(*RouterGroup).createStaticHandler.func1 (3 handlers)
2017-05-12 15:51:54 - [GIN-debug] Listening and serving HTTP on :80
